<?xml version="1.0" encoding="UTF-8"?>
<!-- Generated by org.testng.reporters.JUnitReportReporter -->
<testsuite hostname="DESKTOP-97C5LHG" failures="0" tests="2" name="piit.automationTrainingProgram.NewTest" time="0.014" errors="0" timestamp="2022-05-01T16:09:48 MDT" skipped="0">
  <testcase classname="piit.automationTrainingProgram.NewTest" name="f" time="0.008"/>
  <system-out/>
  <testcase classname="piit.automationTrainingProgram.NewTest" name="test2" time="0.006"/>
  <system-out/>
</testsuite> <!-- piit.automationTrainingProgram.NewTest -->
